This is LuaTeX, Version 1.0.4 (TeX Live 2017)  (format=lualatex 2017.7.3)  14 SEP 2017 13:52
 restricted system commands enabled.
**gkiarcv.tex
(./gkiarcv.tex
LaTeX2e <2017-04-15>
Lua module: luaotfload-main 2017/01/29 2.80001 OpenType layout system.
Lua module: lualibs 2017-02-01 2.5 ConTeXt Lua standard libraries.
Lua module: lualibs-extended 2017-02-01 2.5 ConTeXt Lua libraries -- extended co
llection.(using write cache: /Users/gkiar/Library/texlive/2017basic/texmf-var/lu
atex-cache/generic)(using read cache: /usr/local/texlive/2017basic/texmf-var/lua
tex-cache/generic /Users/gkiar/Library/texlive/2017basic/texmf-var/luatex-cache/
generic)
luaotfload | conf : Root cache directory is /Users/gkiar/Library/texlive/2017bas
ic/texmf-var/luatex-cache/generic/names.
luaotfload | init : Loading fontloader “fontloader-2017-02-11.lua” from kpse
-resolved path “/usr/local/texlive/2017basic/texmf-dist/tex/luatex/luaotfload/
fontloader-2017-02-11.lua”.
Lua-only attribute luaotfload@state = 1
Lua-only attribute luaotfload@noligature = 2
Lua-only attribute luaotfload@syllabe = 3
luaotfload | init : Context OpenType loader version “3.027”
Inserting `luaotfload.node_processor' at position 1 in `pre_linebreak_filter'.
Inserting `luaotfload.node_processor' at position 1 in `hpack_filter'.
Inserting `luaotfload.define_font' at position 1 in `define_font'.
Lua-only attribute luaotfload_color_attribute = 4
luaotfload | conf : Root cache directory is /Users/gkiar/Library/texlive/2017bas
ic/texmf-var/luatex-cache/generic/names.
Inserting `luaotfload.aux.set_sscale_dimens' at position 1 in `luaotfload.patch_
font'.
Inserting `luaotfload.aux.patch_cambria_domh' at position 2 in `luaotfload.patch
_font'.
Inserting `luaotfload.aux.fixup_fontdata' at position 1 in `luaotfload.patch_fon
t_unsafe'.
Inserting `luaotfload.aux.set_capheight' at position 3 in `luaotfload.patch_font
'.
Inserting `luaotfload.rewrite_fontname' at position 4 in `luaotfload.patch_font'
.
luaotfload | main : initialization completed in 0.132 seconds
Babel <3.10> and hyphenation patterns for 1 language(s) loaded.
(./friggeri-cv.cls
Document Class: friggeri-cv 2012/04/30 CV class
(/usr/local/texlive/2017basic/texmf-dist/tex/latex/base/article.cls
Document Class: article 2014/09/29 v1.4h Standard LaTeX document class
(/usr/local/texlive/2017basic/texmf-dist/tex/latex/base/size10.clo
File: size10.clo 2014/09/29 v1.4h Standard LaTeX file (size option)
luaotfload | db : Font names database loaded from /Users/gkiar/Library/texlive/2
017basic/texmf-var/luatex-cache/generic/names/luaotfload-names.luc(load luc: /Us
ers/gkiar/Library/texlive/2017basic/texmf-var/luatex-cache/generic/fonts/otl/lmr
oman10-regular.luc))
\c@part=\count79
\c@section=\count80
\c@subsection=\count81
\c@subsubsection=\count82
\c@paragraph=\count83
\c@subparagraph=\count84
\c@figure=\count85
\c@table=\count86
\abovecaptionskip=\skip41
\belowcaptionskip=\skip42
\bibindent=\dimen102
)
(/usr/local/texlive/2017basic/texmf-dist/tex/latex/xcolor/xcolor.sty
Package: xcolor 2016/05/11 v2.12 LaTeX color extensions (UK)

(/usr/local/texlive/2017basic/texmf-dist/tex/latex/graphics-cfg/color.cfg
File: color.cfg 2016/01/02 v1.6 sample color configuration
)
Package xcolor Info: Driver file: luatex.def on input line 225.

(/usr/local/texlive/2017basic/texmf-dist/tex/latex/graphics-def/luatex.def
File: luatex.def 2017/01/12 v0.01h Graphics/Color for luaTeX

(/usr/local/texlive/2017basic/texmf-dist/tex/generic/oberdiek/infwarerr.sty
Package: infwarerr 2016/05/16 v1.4 Providing info/warning/error messages (HO)
)
(/usr/local/texlive/2017basic/texmf-dist/tex/generic/oberdiek/ltxcmds.sty
Package: ltxcmds 2016/05/16 v1.23 LaTeX kernel commands for general use (HO)
)
\Gread@gobject=\count87
)
Package xcolor Info: Model `cmy' substituted by `cmy0' on input line 1348.
Package xcolor Info: Model `hsb' substituted by `rgb' on input line 1352.
Package xcolor Info: Model `RGB' extended on input line 1364.
Package xcolor Info: Model `HTML' substituted by `rgb' on input line 1366.
Package xcolor Info: Model `Hsb' substituted by `hsb' on input line 1367.
Package xcolor Info: Model `tHsb' substituted by `hsb' on input line 1368.
Package xcolor Info: Model `HSB' substituted by `hsb' on input line 1369.
Package xcolor Info: Model `Gray' substituted by `gray' on input line 1370.
Package xcolor Info: Model `wave' substituted by `hsb' on input line 1371.
)
(/usr/local/texlive/2017basic/texmf-dist/tex/latex/fontspec/fontspec.sty
(/usr/local/texlive/2017basic/texmf-dist/tex/latex/l3kernel/expl3.sty
Package: expl3 2017/05/13 L3 programming layer (loader) 

(/usr/local/texlive/2017basic/texmf-dist/tex/latex/l3kernel/expl3-code.tex
Package: expl3 2017/05/13 L3 programming layer (code)
\ucharcat@table=\catcodetable5
\c_max_int=\count88
\l_tmpa_int=\count89
\l_tmpb_int=\count90
\g_tmpa_int=\count91
\g_tmpb_int=\count92
\g__prg_map_int=\count93
\c_log_iow=\count94
\l_iow_line_count_int=\count95
\l__iow_line_target_int=\count96
\l__iow_one_indent_int=\count97
\l__iow_indent_int=\count98
\c_zero_dim=\dimen103
\c_max_dim=\dimen104
\l_tmpa_dim=\dimen105
\l_tmpb_dim=\dimen106
\g_tmpa_dim=\dimen107
\g_tmpb_dim=\dimen108
\c_zero_skip=\skip43
\c_max_skip=\skip44
\l_tmpa_skip=\skip45
\l_tmpb_skip=\skip46
\g_tmpa_skip=\skip47
\g_tmpb_skip=\skip48
\c_zero_muskip=\muskip10
\c_max_muskip=\muskip11
\l_tmpa_muskip=\muskip12
\l_tmpb_muskip=\muskip13
\g_tmpa_muskip=\muskip14
\g_tmpb_muskip=\muskip15
\l_keys_choice_int=\count99
\c__fp_leading_shift_int=\count100
\c__fp_middle_shift_int=\count101
\c__fp_trailing_shift_int=\count102
\c__fp_big_leading_shift_int=\count103
\c__fp_big_middle_shift_int=\count104
\c__fp_big_trailing_shift_int=\count105
\c__fp_Bigg_leading_shift_int=\count106
\c__fp_Bigg_middle_shift_int=\count107
\c__fp_Bigg_trailing_shift_int=\count108
\c__fp_rand_size_int=\count109
\c__fp_rand_four_int=\count110
\c__fp_rand_eight_int=\count111
\l__sort_length_int=\count112
\l__sort_min_int=\count113
\l__sort_top_int=\count114
\l__sort_max_int=\count115
\l__sort_true_max_int=\count116
\l__sort_block_int=\count117
\l__sort_begin_int=\count118
\l__sort_end_int=\count119
\l__sort_A_int=\count120
\l__sort_B_int=\count121
\l__sort_C_int=\count122
\c_empty_box=\box26
\l_tmpa_box=\box27
\l_tmpb_box=\box28
\g_tmpa_box=\box29
\g_tmpb_box=\box30
\l__box_top_dim=\dimen109
\l__box_bottom_dim=\dimen110
\l__box_left_dim=\dimen111
\l__box_right_dim=\dimen112
\l__box_top_new_dim=\dimen113
\l__box_bottom_new_dim=\dimen114
\l__box_left_new_dim=\dimen115
\l__box_right_new_dim=\dimen116
\l__box_internal_box=\box31
\l__coffin_internal_box=\box32
\l__coffin_internal_dim=\dimen117
\l__coffin_offset_x_dim=\dimen118
\l__coffin_offset_y_dim=\dimen119
\l__coffin_x_dim=\dimen120
\l__coffin_y_dim=\dimen121
\l__coffin_x_prime_dim=\dimen122
\l__coffin_y_prime_dim=\dimen123
\c_empty_coffin=\box33
\l__coffin_aligned_coffin=\box34
\l__coffin_aligned_internal_coffin=\box35
\l_tmpa_coffin=\box36
\l_tmpb_coffin=\box37
\l__coffin_display_coffin=\box38
\l__coffin_display_coord_coffin=\box39
\l__coffin_display_pole_coffin=\box40
\l__coffin_display_offset_dim=\dimen124
\l__coffin_display_x_dim=\dimen125
\l__coffin_display_y_dim=\dimen126
\l__coffin_bounding_shift_dim=\dimen127
\l__coffin_left_corner_dim=\dimen128
\l__coffin_right_corner_dim=\dimen129
\l__coffin_bottom_corner_dim=\dimen130
\l__coffin_top_corner_dim=\dimen131
\l__coffin_scaled_total_height_dim=\dimen132
\l__coffin_scaled_width_dim=\dimen133
)
(/usr/local/texlive/2017basic/texmf-dist/tex/latex/l3kernel/l3pdfmode.def
File: l3pdfmode.def 2017/03/18 v L3 Experimental driver: PDF mode
\l__driver_color_stack_int=\count123
\l__driver_tmp_box=\box41
))
(/usr/local/texlive/2017basic/texmf-dist/tex/latex/l3packages/xparse/xparse.sty
Package: xparse 2017/05/13 L3 Experimental document command parser
\l__xparse_current_arg_int=\count124
\g__xparse_grabber_int=\count125
\l__xparse_m_args_int=\count126
\l__xparse_mandatory_args_int=\count127
\l__xparse_v_nesting_int=\count128
)
Package: fontspec 2017/03/31 v2.6a Font selection for XeLaTeX and LuaLaTeX
Lua module: fontspec 2017/03/31 2.6a Font selection for XeLaTeX and LuaLaTeX
(/usr/local/texlive/2017basic/texmf-dist/tex/latex/fontspec/fontspec-luatex.sty
Package: fontspec-luatex 2017/03/31 v2.6a Font selection for XeLaTeX and LuaLaTe
X
\l__fontspec_script_int=\count129
\l__fontspec_language_int=\count130
\l__fontspec_strnum_int=\count131
\l__fontspec_tmp_int=\count132
\l__fontspec_em_int=\count133
\l__fontspec_emdef_int=\count134
\l__fontspec_strong_int=\count135
\l__fontspec_strongdef_int=\count136
\l__fontspec_tmpa_dim=\dimen134
\l__fontspec_tmpb_dim=\dimen135
\l__fontspec_tmpc_dim=\dimen136
\g__file_internal_ior=\read1
(/usr/local/texlive/2017basic/texmf-dist/tex/latex/base/fontenc.sty
Package: fontenc 2017/04/05 v2.0i Standard LaTeX package

(/usr/local/texlive/2017basic/texmf-dist/tex/latex/base/tuenc.def
File: tuenc.def 2017/04/05 v2.0i Standard LaTeX file
LaTeX Font Info:    Redeclaring font encoding TU on input line 82.
))
.................................................
. LaTeX info: "xparse/define-command"
. 
. Defining command \fontspec with sig. 'O{}mO{}' on line 475.
.................................................
.................................................
. LaTeX info: "xparse/define-command"
. 
. Defining command \setmainfont with sig. 'O{}mO{}' on line 486.
.................................................
.................................................
. LaTeX info: "xparse/define-command"
. 
. Defining command \setsansfont with sig. 'O{}mO{}' on line 506.
.................................................
.................................................
. LaTeX info: "xparse/define-command"
. 
. Defining command \setmonofont with sig. 'O{}mO{}' on line 526.
.................................................
.................................................
. LaTeX info: "xparse/define-command"
. 
. Defining command \setromanfont with sig. 'O{}mO{}' on line 546.
.................................................
.................................................
. LaTeX info: "xparse/define-command"
. 
. Defining command \setmathrm with sig. 'O{}mO{}' on line 550.
.................................................
.................................................
. LaTeX info: "xparse/define-command"
. 
. Defining command \setboldmathrm with sig. 'O{}mO{}' on line 558.
.................................................
.................................................
. LaTeX info: "xparse/define-command"
. 
. Defining command \setmathsf with sig. 'O{}mO{}' on line 566.
.................................................
.................................................
. LaTeX info: "xparse/define-command"
. 
. Defining command \setmathtt with sig. 'O{}mO{}' on line 574.
.................................................
.................................................
. LaTeX info: "xparse/define-command"
. 
. Defining command \newfontfamily with sig. 'mO{}mO{}' on line 589.
.................................................
.................................................
. LaTeX info: "xparse/define-command"
. 
. Defining command \newfontface with sig. 'mO{}mO{}' on line 606.
.................................................
.................................................
. LaTeX info: "xparse/define-command"
. 
. Defining command \defaultfontfeatures with sig. 't+om' on line 617.
.................................................
.................................................
. LaTeX info: "xparse/define-command"
. 
. Defining command \addfontfeatures with sig. 'm' on line 648.
.................................................
.................................................
. LaTeX info: "xparse/define-command"
. 
. Defining command \newfontfeature with sig. 'mm' on line 675.
.................................................
.................................................
. LaTeX info: "xparse/define-command"
. 
. Defining command \newAATfeature with sig. 'mmmm' on line 689.
.................................................
.................................................
. LaTeX info: "xparse/define-command"
. 
. Defining command \newopentypefeature with sig. 'mmm' on line 703.
.................................................
.................................................
. LaTeX info: "xparse/define-command"
. 
. Defining command \newICUfeature with sig. 'mmm' on line 723.
.................................................
.................................................
. LaTeX info: "xparse/define-command"
. 
. Defining command \aliasfontfeature with sig. 'mm' on line 727.
.................................................
.................................................
. LaTeX info: "xparse/define-command"
. 
. Defining command \aliasfontfeatureoption with sig. 'mmm' on line 748.
.................................................
.................................................
. LaTeX info: "xparse/define-command"
. 
. Defining command \newfontscript with sig. 'mm' on line 781.
.................................................
.................................................
. LaTeX info: "xparse/define-command"
. 
. Defining command \newfontlanguage with sig. 'mm' on line 785.
.................................................
.................................................
. LaTeX info: "xparse/define-command"
. 
. Defining command \DeclareFontsExtensions with sig. 'm' on line 789.
.................................................
.................................................
. LaTeX info: "xparse/define-command"
. 
. Defining command \IfFontFeatureActiveTF with sig. 'mmm' on line 800.
.................................................
.................................................
. LaTeX info: "xparse/define-command"
. 
. Defining command \EncodingCommand with sig. 'mO{}m' on line 3162.
.................................................
.................................................
. LaTeX info: "xparse/define-command"
. 
. Defining command \EncodingAccent with sig. 'mm' on line 3168.
.................................................
.................................................
. LaTeX info: "xparse/define-command"
. 
. Defining command \EncodingSymbol with sig. 'mm' on line 3174.
.................................................
.................................................
. LaTeX info: "xparse/define-command"
. 
. Defining command \EncodingComposite with sig. 'mmm' on line 3180.
.................................................
.................................................
. LaTeX info: "xparse/define-command"
. 
. Defining command \EncodingCompositeCommand with sig. 'mmm' on line 3186.
.................................................
.................................................
. LaTeX info: "xparse/define-command"
. 
. Defining command \DeclareUnicodeEncoding with sig. 'mm' on line 3211.
.................................................
.................................................
. LaTeX info: "xparse/define-command"
. 
. Defining command \UndeclareSymbol with sig. 'm' on line 3217.
.................................................
.................................................
. LaTeX info: "xparse/define-command"
. 
. Defining command \UndeclareComposite with sig. 'mm' on line 3225.
.................................................

(/usr/local/texlive/2017basic/texmf-dist/tex/latex/fontspec/fontspec.cfg)
LaTeX Info: Redefining \itshape on input line 3410.
LaTeX Info: Redefining \slshape on input line 3415.
LaTeX Info: Redefining \scshape on input line 3420.
LaTeX Info: Redefining \upshape on input line 3425.
LaTeX Info: Redefining \em on input line 3455.
LaTeX Info: Redefining \emph on input line 3480.
(load luc: /Users/gkiar/Library/texlive/2017basic/texmf-var/luatex-cache/generic
/fonts/otl/lmroman10-bold.luc)(load luc: /Users/gkiar/Library/texlive/2017basic/
texmf-var/luatex-cache/generic/fonts/otl/lmroman10-italic.luc)
LaTeX Info: Redefining \- on input line 3531.
.................................................
. LaTeX info: "xparse/redefine-command"
. 
. Redefining command \oldstylenums with sig. 'm' on line 3626.
.................................................
.................................................
. LaTeX info: "xparse/define-command"
. 
. Defining command \liningnums with sig. 'm' on line 3630.
.................................................
))
(/Users/gkiar/Library/texmf/tex/fontawesome.sty
Package: fontawesome 2016/05/15 v4.6.3.1 font awesome icons

(/usr/local/texlive/2017basic/texmf-dist/tex/generic/ifxetex/ifxetex.sty
Package: ifxetex 2010/09/12 v0.6 Provides ifxetex conditional
)
(/usr/local/texlive/2017basic/texmf-dist/tex/generic/oberdiek/ifluatex.sty
Package: ifluatex 2016/05/16 v1.4 Provides the ifluatex switch (HO)
Package ifluatex Info: LuaTeX detected.
)
(/Users/gkiar/Library/texmf/tex/fontawesomesymbols-generic.tex)
luaotfload | cache : Lookup cache loaded from /Users/gkiar/Library/texlive/2017b
asic/texmf-var/luatex-cache/generic/names/luaotfload-lookup-cache.luc.(load luc:
 /Users/gkiar/Library/texlive/2017basic/texmf-var/luatex-cache/generic/fonts/otl
/fontawesome.luc)
luaotfload | aux : font no 18 (nil) defines no feature for script latn
luaotfload | aux : no font with id 18
\g__fontspec_family_FontAwesome_int=\count137
luaotfload | aux : font no 18 (nil) does not define feature smcp for script  wit
h language 
luaotfload | aux : no font with id 18 (/Users/gkiar/Library/texmf/tex/fontaweso
mesymbols-xeluatex.tex))
(/usr/local/texlive/2017basic/texmf-dist/tex/latex/unicode-math/unicode-math.st
y
Package: unicode-math 2017/01/27 v0.8d Unicode maths in XeLaTeX and LuaLaTeX
 (/usr/local/texlive/2017basic/texmf-dist/tex/latex/ucharcat/ucharcat.sty
Package: ucharcat 2015/11/19 v0.03 ucharcat for luaLaTeX (DPC)
\ucharcat@table=\catcodetable6
)
(/usr/local/texlive/2017basic/texmf-dist/tex/latex/l3packages/l3keys2e/l3keys2e
.sty
Package: l3keys2e 2017/05/13 LaTeX2e option processing using LaTeX3 keys
) (/usr/local/texlive/2017basic/texmf-dist/tex/latex/base/fix-cm.sty
Package: fix-cm 2015/01/14 v1.1t fixes to LaTeX

(/usr/local/texlive/2017basic/texmf-dist/tex/latex/base/ts1enc.def
File: ts1enc.def 2001/06/05 v3.0e (jk/car/fm) Standard LaTeX file
))
(/usr/local/texlive/2017basic/texmf-dist/tex/latex/filehook/filehook.sty
Package: filehook 2011/10/12 v0.5d Hooks for input files
)
\g__um_fam_int=\count138
\g__um_primekern_muskip=\muskip16
\l__um_primecount_int=\count139
.................................................
. LaTeX info: "xparse/define-command"
. 
. Defining command \unimathsetup with sig. 'm' on line 166.
.................................................

(/usr/local/texlive/2017basic/texmf-dist/tex/latex/unicode-math/unicode-math-lu
atex.sty
(/usr/local/texlive/2017basic/texmf-dist/tex/lualatex/lualatex-math/lualatex-ma
th.sty
Package: lualatex-math 2017/06/15 v1.7 Patches for mathematics typesetting with 
LuaLaTeX
 (/usr/local/texlive/2017basic/texmf-dist/tex/latex/etoolbox/etoolbox.sty
Package: etoolbox 2017/01/02 v2.4 e-TeX tools for LaTeX (JAW)
\etb@tempcnta=\count140
)
Lua module: lualatex-math 2013/08/03 1.3 Patches for mathematics typesetting wit
h LuaLaTeX)
.................................................
. LaTeX info: "xparse/define-command"
. 
. Defining command \setmathfontface with sig. 'mO{}mO{}' on line 167.
.................................................
.................................................
. LaTeX info: "xparse/define-command"
. 
. Defining command \setoperatorfont with sig. 'm' on line 171.
.................................................
.................................................
. LaTeX info: "xparse/define-command"
. 
. Defining command \setmathfont with sig. 'O{}mO{}' on line 280.
.................................................
.................................................
. LaTeX info: "xparse/define-command"
. 
. Defining command \addnolimits with sig. 'm' on line 523.
.................................................
.................................................
. LaTeX info: "xparse/define-command"
. 
. Defining command \removenolimits with sig. 'm' on line 527.
.................................................

(/usr/local/texlive/2017basic/texmf-dist/tex/latex/unicode-math/unicode-math-ta
ble.tex)))(load luc: /usr/local/texlive/2017basic/texmf-var/luatex-cache/generic
/fonts/otl/gentona-medium.luc)
\g__fontspec_family_[Gentona-Medium.ttf]_int=\count141
luaotfload | aux : font no 19 (nil) does not define feature smcp for script latn
 with language dflt
luaotfload | aux : no font with id 19
luaotfload | aux : font no 20 (nil) does not define feature smcp for script latn
 with language dflt
luaotfload | aux : no font with id 20
luaotfload | aux : font no 20 (nil) does not define feature smcp for script latn
 with language dflt
luaotfload | aux : no font with id 20
luaotfload | aux : font no 20 (nil) does not define feature smcp for script latn
 with language dflt
luaotfload | aux : no font with id 20(load luc: /usr/local/texlive/2017basic/tex
mf-var/luatex-cache/generic/fonts/otl/gentona-light.luc)
\g__fontspec_family_[Gentona-Light.ttf]_int=\count142
luaotfload | aux : font no 21 (nil) does not define feature smcp for script latn
 with language dflt
luaotfload | aux : no font with id 21
luaotfload | aux : font no 22 (nil) does not define feature smcp for script latn
 with language dflt
luaotfload | aux : no font with id 22
luaotfload | aux : font no 22 (nil) does not define feature smcp for script latn
 with language dflt
luaotfload | aux : no font with id 22
luaotfload | aux : font no 22 (nil) does not define feature smcp for script latn
 with language dflt
luaotfload | aux : no font with id 22(load luc: /usr/local/texlive/2017basic/tex
mf-var/luatex-cache/generic/fonts/otl/gentona-bold.luc)
\g__fontspec_family_[Gentona-Bold.ttf]_int=\count143
luaotfload | aux : font no 23 (nil) does not define feature smcp for script latn
 with language dflt
luaotfload | aux : no font with id 23
luaotfload | aux : font no 24 (nil) does not define feature smcp for script latn
 with language dflt
luaotfload | aux : no font with id 24
luaotfload | aux : font no 24 (nil) does not define feature smcp for script latn
 with language dflt
luaotfload | aux : no font with id 24
luaotfload | aux : font no 24 (nil) does not define feature smcp for script latn
 with language dflt
luaotfload | aux : no font with id 24(load luc: /usr/local/texlive/2017basic/tex
mf-var/luatex-cache/generic/fonts/otl/gentona-lightitalic.luc)
\g__fontspec_family_[Gentona-LightItalic.ttf]_int=\count144
luaotfload | aux : font no 25 (nil) does not define feature smcp for script latn
 with language dflt
luaotfload | aux : no font with id 25
luaotfload | aux : font no 26 (nil) does not define feature smcp for script latn
 with language dflt
luaotfload | aux : no font with id 26
luaotfload | aux : font no 26 (nil) does not define feature smcp for script latn
 with language dflt
luaotfload | aux : no font with id 26
luaotfload | aux : font no 26 (nil) does not define feature smcp for script latn
 with language dflt
luaotfload | aux : no font with id 26(load luc: /usr/local/texlive/2017basic/tex
mf-var/luatex-cache/generic/fonts/otl/gentona-bookitalic.luc)
\g__fontspec_family_[Gentona-BookItalic.ttf]_int=\count145
luaotfload | aux : font no 27 (nil) does not define feature smcp for script latn
 with language dflt
luaotfload | aux : no font with id 27
luaotfload | aux : font no 28 (nil) does not define feature smcp for script latn
 with language dflt
luaotfload | aux : no font with id 28
luaotfload | aux : font no 28 (nil) does not define feature smcp for script latn
 with language dflt
luaotfload | aux : no font with id 28
luaotfload | aux : font no 28 (nil) does not define feature smcp for script latn
 with language dflt
luaotfload | aux : no font with id 28
LaTeX Info: Redefining \emph on input line 61.
luaotfload | aux : font no 21 (nil) does not define feature smcp for script latn
 with language dflt
luaotfload | aux : no font with id 21
luaotfload | aux : font no 22 (nil) does not define feature smcp for script latn
 with language dflt
luaotfload | aux : no font with id 22
luaotfload | aux : font no 22 (nil) does not define feature smcp for script latn
 with language dflt
luaotfload | aux : no font with id 22
luaotfload | aux : font no 22 (nil) does not define feature smcp for script latn
 with language dflt
luaotfload | aux : no font with id 22
LaTeX Info: Redefining \rmfamily on input line 65.
luaotfload | load : font option ".ttf:mode=node" unknown.
Inserting `luaotfload.color_handler' at position 1 in `post_linebreak_filter'.
Inserting `luaotfload.color_handler' at position 2 in `hpack_filter'.
Inserting `luaotfload.color_handler' at position 1 in `mlist_to_hlist'.
(/usr/local/texlive/2017basic/texmf-dist/tex/latex/pgf/frontendlayer/tikz.sty
(/usr/local/texlive/2017basic/texmf-dist/tex/latex/pgf/basiclayer/pgf.sty
(/usr/local/texlive/2017basic/texmf-dist/tex/latex/pgf/utilities/pgfrcs.sty
(/usr/local/texlive/2017basic/texmf-dist/tex/generic/pgf/utilities/pgfutil-comm
on.tex
\pgfutil@everybye=\toks14
\pgfutil@tempdima=\dimen137
\pgfutil@tempdimb=\dimen138

(/usr/local/texlive/2017basic/texmf-dist/tex/generic/pgf/utilities/pgfutil-comm
on-lists.tex))
(/usr/local/texlive/2017basic/texmf-dist/tex/generic/pgf/utilities/pgfutil-late
x.def
\pgfutil@abb=\box42
 (/usr/local/texlive/2017basic/texmf-dist/tex/latex/ms/everyshi.sty
Package: everyshi 2001/05/15 v3.00 EveryShipout Package (MS)
))
(/usr/local/texlive/2017basic/texmf-dist/tex/generic/pgf/utilities/pgfrcs.code.
tex
Package: pgfrcs 2015/08/07 v3.0.1a (rcs-revision 1.31)
))
Package: pgf 2015/08/07 v3.0.1a (rcs-revision 1.15)

(/usr/local/texlive/2017basic/texmf-dist/tex/latex/pgf/basiclayer/pgfcore.sty
(/usr/local/texlive/2017basic/texmf-dist/tex/latex/graphics/graphicx.sty
Package: graphicx 2014/10/28 v1.0g Enhanced LaTeX Graphics (DPC,SPQR)

(/usr/local/texlive/2017basic/texmf-dist/tex/latex/graphics/keyval.sty
Package: keyval 2014/10/28 v1.15 key=value parser (DPC)
\KV@toks@=\toks15
)
(/usr/local/texlive/2017basic/texmf-dist/tex/latex/graphics/graphics.sty
Package: graphics 2017/04/14 v1.1b Standard LaTeX Graphics (DPC,SPQR)

(/usr/local/texlive/2017basic/texmf-dist/tex/latex/graphics/trig.sty
Package: trig 2016/01/03 v1.10 sin cos tan (DPC)
)
(/usr/local/texlive/2017basic/texmf-dist/tex/latex/graphics-cfg/graphics.cfg
File: graphics.cfg 2016/06/04 v1.11 sample graphics configuration
)
Package graphics Info: Driver file: luatex.def on input line 99.
)
\Gin@req@height=\dimen139
\Gin@req@width=\dimen140
) (/usr/local/texlive/2017basic/texmf-dist/tex/latex/pgf/systemlayer/pgfsys.sty

(/usr/local/texlive/2017basic/texmf-dist/tex/generic/pgf/systemlayer/pgfsys.cod
e.tex
Package: pgfsys 2014/07/09 v3.0.1a (rcs-revision 1.48)

(/usr/local/texlive/2017basic/texmf-dist/tex/generic/pgf/utilities/pgfkeys.code
.tex
\pgfkeys@pathtoks=\toks16
\pgfkeys@temptoks=\toks17

(/usr/local/texlive/2017basic/texmf-dist/tex/generic/pgf/utilities/pgfkeysfilte
red.code.tex
\pgfkeys@tmptoks=\toks18
))
\pgf@x=\dimen141
\pgf@y=\dimen142
\pgf@xa=\dimen143
\pgf@ya=\dimen144
\pgf@xb=\dimen145
\pgf@yb=\dimen146
\pgf@xc=\dimen147
\pgf@yc=\dimen148
\w@pgf@writea=\write3
\r@pgf@reada=\read2
\c@pgf@counta=\count146
\c@pgf@countb=\count147
\c@pgf@countc=\count148
\c@pgf@countd=\count149
\t@pgf@toka=\toks19
\t@pgf@tokb=\toks20
\t@pgf@tokc=\toks21

(/usr/local/texlive/2017basic/texmf-dist/tex/generic/pgf/systemlayer/pgf.cfg
File: pgf.cfg 2008/05/14  (rcs-revision 1.7)
)
Driver file for pgf: pgfsys-luatex.def

(/usr/local/texlive/2017basic/texmf-dist/tex/generic/pgf/systemlayer/pgfsys-lua
tex.def
File: pgfsys-luatex.def 2014/10/11  (rcs-revision 1.35)

(/usr/local/texlive/2017basic/texmf-dist/tex/generic/pgf/systemlayer/pgfsys-com
mon-pdf.def
File: pgfsys-common-pdf.def 2013/10/10  (rcs-revision 1.13)
)))
(/usr/local/texlive/2017basic/texmf-dist/tex/generic/pgf/systemlayer/pgfsyssoft
path.code.tex
File: pgfsyssoftpath.code.tex 2013/09/09  (rcs-revision 1.9)
\pgfsyssoftpath@smallbuffer@items=\count150
\pgfsyssoftpath@bigbuffer@items=\count151
)
(/usr/local/texlive/2017basic/texmf-dist/tex/generic/pgf/systemlayer/pgfsysprot
ocol.code.tex
File: pgfsysprotocol.code.tex 2006/10/16  (rcs-revision 1.4)
))
(/usr/local/texlive/2017basic/texmf-dist/tex/generic/pgf/basiclayer/pgfcore.cod
e.tex
Package: pgfcore 2010/04/11 v3.0.1a (rcs-revision 1.7)

(/usr/local/texlive/2017basic/texmf-dist/tex/generic/pgf/math/pgfmath.code.tex
(/usr/local/texlive/2017basic/texmf-dist/tex/generic/pgf/math/pgfmathcalc.code.
tex
(/usr/local/texlive/2017basic/texmf-dist/tex/generic/pgf/math/pgfmathutil.code.
tex)
(/usr/local/texlive/2017basic/texmf-dist/tex/generic/pgf/math/pgfmathparser.cod
e.tex
\pgfmath@dimen=\dimen149
\pgfmath@count=\count152
\pgfmath@box=\box43
\pgfmath@toks=\toks22
\pgfmath@stack@operand=\toks23
\pgfmath@stack@operation=\toks24
)
(/usr/local/texlive/2017basic/texmf-dist/tex/generic/pgf/math/pgfmathfunctions.
code.tex
(/usr/local/texlive/2017basic/texmf-dist/tex/generic/pgf/math/pgfmathfunctions.
basic.code.tex)
(/usr/local/texlive/2017basic/texmf-dist/tex/generic/pgf/math/pgfmathfunctions.
trigonometric.code.tex)
(/usr/local/texlive/2017basic/texmf-dist/tex/generic/pgf/math/pgfmathfunctions.
random.code.tex)
(/usr/local/texlive/2017basic/texmf-dist/tex/generic/pgf/math/pgfmathfunctions.
comparison.code.tex)
(/usr/local/texlive/2017basic/texmf-dist/tex/generic/pgf/math/pgfmathfunctions.
base.code.tex)
(/usr/local/texlive/2017basic/texmf-dist/tex/generic/pgf/math/pgfmathfunctions.
round.code.tex)
(/usr/local/texlive/2017basic/texmf-dist/tex/generic/pgf/math/pgfmathfunctions.
misc.code.tex)
(/usr/local/texlive/2017basic/texmf-dist/tex/generic/pgf/math/pgfmathfunctions.
integerarithmetics.code.tex)))
(/usr/local/texlive/2017basic/texmf-dist/tex/generic/pgf/math/pgfmathfloat.code
.tex
\c@pgfmathroundto@lastzeros=\count153
))
(/usr/local/texlive/2017basic/texmf-dist/tex/generic/pgf/basiclayer/pgfcorepoin
ts.code.tex
File: pgfcorepoints.code.tex 2013/10/07  (rcs-revision 1.27)
\pgf@picminx=\dimen150
\pgf@picmaxx=\dimen151
\pgf@picminy=\dimen152
\pgf@picmaxy=\dimen153
\pgf@pathminx=\dimen154
\pgf@pathmaxx=\dimen155
\pgf@pathminy=\dimen156
\pgf@pathmaxy=\dimen157
\pgf@xx=\dimen158
\pgf@xy=\dimen159
\pgf@yx=\dimen160
\pgf@yy=\dimen161
\pgf@zx=\dimen162
\pgf@zy=\dimen163
)
(/usr/local/texlive/2017basic/texmf-dist/tex/generic/pgf/basiclayer/pgfcorepath
construct.code.tex
File: pgfcorepathconstruct.code.tex 2013/10/07  (rcs-revision 1.29)
\pgf@path@lastx=\dimen164
\pgf@path@lasty=\dimen165
)
(/usr/local/texlive/2017basic/texmf-dist/tex/generic/pgf/basiclayer/pgfcorepath
usage.code.tex
File: pgfcorepathusage.code.tex 2014/11/02  (rcs-revision 1.24)
\pgf@shorten@end@additional=\dimen166
\pgf@shorten@start@additional=\dimen167
)
(/usr/local/texlive/2017basic/texmf-dist/tex/generic/pgf/basiclayer/pgfcorescop
es.code.tex
File: pgfcorescopes.code.tex 2015/05/08  (rcs-revision 1.46)
\pgfpic=\box44
\pgf@hbox=\box45
\pgf@layerbox@main=\box46
\pgf@picture@serial@count=\count154
)
(/usr/local/texlive/2017basic/texmf-dist/tex/generic/pgf/basiclayer/pgfcoregrap
hicstate.code.tex
File: pgfcoregraphicstate.code.tex 2014/11/02  (rcs-revision 1.12)
\pgflinewidth=\dimen168
)
(/usr/local/texlive/2017basic/texmf-dist/tex/generic/pgf/basiclayer/pgfcoretran
sformations.code.tex
File: pgfcoretransformations.code.tex 2015/08/07  (rcs-revision 1.20)
\pgf@pt@x=\dimen169
\pgf@pt@y=\dimen170
\pgf@pt@temp=\dimen171
)
(/usr/local/texlive/2017basic/texmf-dist/tex/generic/pgf/basiclayer/pgfcorequic
k.code.tex
File: pgfcorequick.code.tex 2008/10/09  (rcs-revision 1.3)
)
(/usr/local/texlive/2017basic/texmf-dist/tex/generic/pgf/basiclayer/pgfcoreobje
cts.code.tex
File: pgfcoreobjects.code.tex 2006/10/11  (rcs-revision 1.2)
)
(/usr/local/texlive/2017basic/texmf-dist/tex/generic/pgf/basiclayer/pgfcorepath
processing.code.tex
File: pgfcorepathprocessing.code.tex 2013/09/09  (rcs-revision 1.9)
)
(/usr/local/texlive/2017basic/texmf-dist/tex/generic/pgf/basiclayer/pgfcorearro
ws.code.tex
File: pgfcorearrows.code.tex 2015/05/14  (rcs-revision 1.43)
\pgfarrowsep=\dimen172
)
(/usr/local/texlive/2017basic/texmf-dist/tex/generic/pgf/basiclayer/pgfcoreshad
e.code.tex
File: pgfcoreshade.code.tex 2013/07/15  (rcs-revision 1.15)
\pgf@max=\dimen173
\pgf@sys@shading@range@num=\count155
)
(/usr/local/texlive/2017basic/texmf-dist/tex/generic/pgf/basiclayer/pgfcoreimag
e.code.tex
File: pgfcoreimage.code.tex 2013/07/15  (rcs-revision 1.18)

(/usr/local/texlive/2017basic/texmf-dist/tex/generic/pgf/basiclayer/pgfcoreexte
rnal.code.tex
File: pgfcoreexternal.code.tex 2014/07/09  (rcs-revision 1.21)
\pgfexternal@startupbox=\box47
))
(/usr/local/texlive/2017basic/texmf-dist/tex/generic/pgf/basiclayer/pgfcorelaye
rs.code.tex
File: pgfcorelayers.code.tex 2013/07/18  (rcs-revision 1.7)
)
(/usr/local/texlive/2017basic/texmf-dist/tex/generic/pgf/basiclayer/pgfcoretran
sparency.code.tex
File: pgfcoretransparency.code.tex 2013/09/30  (rcs-revision 1.5)
)
(/usr/local/texlive/2017basic/texmf-dist/tex/generic/pgf/basiclayer/pgfcorepatt
erns.code.tex
File: pgfcorepatterns.code.tex 2013/11/07  (rcs-revision 1.5)
)))
(/usr/local/texlive/2017basic/texmf-dist/tex/generic/pgf/modules/pgfmoduleshape
s.code.tex
File: pgfmoduleshapes.code.tex 2014/03/21  (rcs-revision 1.35)
\pgfnodeparttextbox=\box48
)
(/usr/local/texlive/2017basic/texmf-dist/tex/generic/pgf/modules/pgfmoduleplot.
code.tex
File: pgfmoduleplot.code.tex 2015/08/03  (rcs-revision 1.13)
)
(/usr/local/texlive/2017basic/texmf-dist/tex/latex/pgf/compatibility/pgfcomp-ve
rsion-0-65.sty
Package: pgfcomp-version-0-65 2007/07/03 v3.0.1a (rcs-revision 1.7)
\pgf@nodesepstart=\dimen174
\pgf@nodesepend=\dimen175
)
(/usr/local/texlive/2017basic/texmf-dist/tex/latex/pgf/compatibility/pgfcomp-ve
rsion-1-18.sty
Package: pgfcomp-version-1-18 2007/07/23 v3.0.1a (rcs-revision 1.1)
))
(/usr/local/texlive/2017basic/texmf-dist/tex/latex/pgf/utilities/pgffor.sty
(/usr/local/texlive/2017basic/texmf-dist/tex/latex/pgf/utilities/pgfkeys.sty
(/usr/local/texlive/2017basic/texmf-dist/tex/generic/pgf/utilities/pgfkeys.code
.tex)) (/usr/local/texlive/2017basic/texmf-dist/tex/latex/pgf/math/pgfmath.sty
(/usr/local/texlive/2017basic/texmf-dist/tex/generic/pgf/math/pgfmath.code.tex))

(/usr/local/texlive/2017basic/texmf-dist/tex/generic/pgf/utilities/pgffor.code.
tex
Package: pgffor 2013/12/13 v3.0.1a (rcs-revision 1.25)

(/usr/local/texlive/2017basic/texmf-dist/tex/generic/pgf/math/pgfmath.code.tex)
\pgffor@iter=\dimen176
\pgffor@skip=\dimen177
\pgffor@stack=\toks25
\pgffor@toks=\toks26
))
(/usr/local/texlive/2017basic/texmf-dist/tex/generic/pgf/frontendlayer/tikz/tik
z.code.tex
Package: tikz 2015/08/07 v3.0.1a (rcs-revision 1.151)

(/usr/local/texlive/2017basic/texmf-dist/tex/generic/pgf/libraries/pgflibrarypl
othandlers.code.tex
File: pgflibraryplothandlers.code.tex 2013/08/31 v3.0.1a (rcs-revision 1.20)
\pgf@plot@mark@count=\count156
\pgfplotmarksize=\dimen178
)
\tikz@lastx=\dimen179
\tikz@lasty=\dimen180
\tikz@lastxsaved=\dimen181
\tikz@lastysaved=\dimen182
\tikzleveldistance=\dimen183
\tikzsiblingdistance=\dimen184
\tikz@figbox=\box49
\tikz@figbox@bg=\box50
\tikz@tempbox=\box51
\tikz@tempbox@bg=\box52
\tikztreelevel=\count157
\tikznumberofchildren=\count158
\tikznumberofcurrentchild=\count159
\tikz@fig@count=\count160

(/usr/local/texlive/2017basic/texmf-dist/tex/generic/pgf/modules/pgfmodulematri
x.code.tex
File: pgfmodulematrix.code.tex 2013/09/17  (rcs-revision 1.8)
\pgfmatrixcurrentrow=\count161
\pgfmatrixcurrentcolumn=\count162
\pgf@matrix@numberofcolumns=\count163
)
\tikz@expandcount=\count164

(/usr/local/texlive/2017basic/texmf-dist/tex/generic/pgf/frontendlayer/tikz/lib
raries/tikzlibrarytopaths.code.tex
File: tikzlibrarytopaths.code.tex 2008/06/17 v3.0.1a (rcs-revision 1.2)
)))
(/usr/local/texlive/2017basic/texmf-dist/tex/latex/parskip/parskip.sty
Package: parskip 2001/04/09 non-zero parskip adjustments
)
\c@colorCounter=\count165

(/usr/local/texlive/2017basic/texmf-dist/tex/latex/textpos/textpos.sty
Package: textpos 2016/06/07 v1.8

Package: textpos 2016/06/07 1.8, absolute positioning of text on the page
\TP@textbox=\box53
\TP@holdbox=\box54
\TPHorizModule=\dimen185
\TPVertModule=\dimen186
\TP@margin=\dimen187
\TP@absmargin=\dimen188
Grid set 16 x 16 = 38.39343pt x 49.68562pt
\TPboxrulesize=\dimen189
\TP@ox=\dimen190
\TP@oy=\dimen191
\TP@tbargs=\toks27
\TP@prevdepth=\dimen192
TextBlockOrigin set to 0pt x 0pt
) (/usr/local/texlive/2017basic/texmf-dist/tex/latex/biblatex/biblatex.sty
Package: biblatex 2016/12/05 v3.7 programmable bibliographies (PK/JW/AB)

(/usr/local/texlive/2017basic/texmf-dist/tex/generic/oberdiek/pdftexcmds.sty
Package: pdftexcmds 2017/03/19 v0.25 Utility functions of pdfTeX for LuaTeX (HO)


(/usr/local/texlive/2017basic/texmf-dist/tex/generic/oberdiek/ifpdf.sty
Package: ifpdf 2017/03/15 v3.2 Provides the ifpdf switch
)
Package pdftexcmds Info: \pdf@primitive is available.
Package pdftexcmds Info: \pdf@ifprimitive is available.
Package pdftexcmds Info: \pdfdraftmode found.
\pdftexcmds@toks=\toks28
)
(/usr/local/texlive/2017basic/texmf-dist/tex/latex/oberdiek/kvoptions.sty
Package: kvoptions 2016/05/16 v3.12 Key value format for package options (HO)

(/usr/local/texlive/2017basic/texmf-dist/tex/generic/oberdiek/kvsetkeys.sty
Package: kvsetkeys 2016/05/16 v1.17 Key value parser (HO)

(/usr/local/texlive/2017basic/texmf-dist/tex/generic/oberdiek/etexcmds.sty
Package: etexcmds 2016/05/16 v1.6 Avoid name clashes with e-TeX commands (HO)
)))
(/usr/local/texlive/2017basic/texmf-dist/tex/latex/logreq/logreq.sty
Package: logreq 2010/08/04 v1.0 xml request logger
\lrq@indent=\count166

(/usr/local/texlive/2017basic/texmf-dist/tex/latex/logreq/logreq.def
File: logreq.def 2010/08/04 v1.0 logreq spec v1.0
))
(/usr/local/texlive/2017basic/texmf-dist/tex/latex/base/ifthen.sty
Package: ifthen 2014/09/29 v1.1c Standard LaTeX ifthen package (DPC)
)
(/usr/local/texlive/2017basic/texmf-dist/tex/latex/url/url.sty
\Urlmuskip=\muskip17
Package: url 2013/09/16  ver 3.4  Verb mode for urls, etc.
)
(/usr/local/texlive/2017basic/texmf-dist/tex/generic/xstring/xstring.sty
(/usr/local/texlive/2017basic/texmf-dist/tex/generic/xstring/xstring.tex
\@xs@message=\write4
\integerpart=\count167
\decimalpart=\count168
)
Package: xstring 2013/10/13  v1.7c  String manipulations (C Tellechea)
)
\c@tabx@nest=\count169
\c@listtotal=\count170
\c@listcount=\count171
\c@liststart=\count172
\c@liststop=\count173
\c@citecount=\count174
\c@citetotal=\count175
\c@multicitecount=\count176
\c@multicitetotal=\count177
\c@instcount=\count178
\c@maxnames=\count179
\c@minnames=\count180
\c@maxitems=\count181
\c@minitems=\count182
\c@citecounter=\count183
\c@savedcitecounter=\count184
\c@uniquelist=\count185
\c@uniquename=\count186
\c@refsection=\count187
\c@refsegment=\count188
\c@maxextratitle=\count189
\c@maxextratitleyear=\count190
\c@maxextrayear=\count191
\c@maxextraalpha=\count192
\c@abbrvpenalty=\count193
\c@highnamepenalty=\count194
\c@lownamepenalty=\count195
\c@maxparens=\count196
\c@parenlevel=\count197
\blx@tempcnta=\count198
\blx@tempcntb=\count199
\blx@tempcntc=\count266
\blx@maxsection=\count267
\blx@maxsegment@0=\count268
\blx@notetype=\count269
\blx@parenlevel@text=\count270
\blx@parenlevel@foot=\count271
\blx@sectionciteorder@0=\count272
\labelnumberwidth=\skip49
\labelalphawidth=\skip50
\biblabelsep=\skip51
\bibitemsep=\skip52
\bibnamesep=\skip53
\bibinitsep=\skip54
\bibparsep=\skip55
\bibhang=\skip56
\blx@bcfin=\read3
\blx@bcfout=\write5
\c@mincomprange=\count273
\c@maxcomprange=\count274
\c@mincompwidth=\count275
Package biblatex Info: Trying to load biblatex default data model...
Package biblatex Info: ... file 'blx-dm.def' found.

(/usr/local/texlive/2017basic/texmf-dist/tex/latex/biblatex/blx-dm.def)
Package biblatex Info: Trying to load biblatex style data model...
Package biblatex Info: ... file 'verbose.dbx' not found.
Package biblatex Info: Trying to load biblatex custom data model...
Package biblatex Info: ... file 'biblatex-dm.cfg' not found.
\c@afterword=\count276
\c@savedafterword=\count277
\c@annotator=\count278
\c@savedannotator=\count279
\c@author=\count280
\c@savedauthor=\count281
\c@bookauthor=\count282
\c@savedbookauthor=\count283
\c@commentator=\count284
\c@savedcommentator=\count285
\c@editor=\count286
\c@savededitor=\count287
\c@editora=\count288
\c@savededitora=\count289
\c@editorb=\count290
\c@savededitorb=\count291
\c@editorc=\count292
\c@savededitorc=\count293
\c@foreword=\count294
\c@savedforeword=\count295
\c@holder=\count296
\c@savedholder=\count297
\c@introduction=\count298
\c@savedintroduction=\count299
\c@namea=\count300
\c@savednamea=\count301
\c@nameb=\count302
\c@savednameb=\count303
\c@namec=\count304
\c@savednamec=\count305
\c@translator=\count306
\c@savedtranslator=\count307
\c@shortauthor=\count308
\c@savedshortauthor=\count309
\c@shorteditor=\count310
\c@savedshorteditor=\count311
\c@labelname=\count312
\c@savedlabelname=\count313
\c@institution=\count314
\c@savedinstitution=\count315
\c@lista=\count316
\c@savedlista=\count317
\c@listb=\count318
\c@savedlistb=\count319
\c@listc=\count320
\c@savedlistc=\count321
\c@listd=\count322
\c@savedlistd=\count323
\c@liste=\count324
\c@savedliste=\count325
\c@listf=\count326
\c@savedlistf=\count327
\c@location=\count328
\c@savedlocation=\count329
\c@organization=\count330
\c@savedorganization=\count331
\c@origlocation=\count332
\c@savedoriglocation=\count333
\c@origpublisher=\count334
\c@savedorigpublisher=\count335
\c@publisher=\count336
\c@savedpublisher=\count337
\c@language=\count338
\c@savedlanguage=\count339
\c@pageref=\count340
\c@savedpageref=\count341
\shorthandwidth=\skip57
\shortjournalwidth=\skip58
\shortserieswidth=\skip59
\shorttitlewidth=\skip60
\shortauthorwidth=\skip61
\shorteditorwidth=\skip62
Package biblatex Info: Trying to load compatibility code...
Package biblatex Info: ... file 'blx-compat.def' found.

(/usr/local/texlive/2017basic/texmf-dist/tex/latex/biblatex/blx-compat.def
File: blx-compat.def 2016/12/05 v3.7 biblatex compatibility (PK/JW/AB)
)
Package biblatex Info: Trying to load generic definitions...
Package biblatex Info: ... file 'biblatex.def' found.

(/usr/local/texlive/2017basic/texmf-dist/tex/latex/biblatex/biblatex.def
File: biblatex.def 2016/12/05 v3.7 biblatex compatibility (PK/JW/AB)
\c@textcitecount=\count342
\c@textcitetotal=\count343
\c@textcitemaxnames=\count344
\c@biburlnumpenalty=\count345
\c@biburlucpenalty=\count346
\c@biburllcpenalty=\count347
\c@smartand=\count348
)
Package biblatex Info: Trying to load bibliography style 'verbose'...
Package biblatex Info: ... file 'verbose.bbx' found.

(/usr/local/texlive/2017basic/texmf-dist/tex/latex/biblatex/bbx/verbose.bbx
File: verbose.bbx 2016/12/05 v3.7 biblatex bibliography style (PK/JW/AB)
Package biblatex Info: Trying to load bibliography style 'authortitle'...
Package biblatex Info: ... file 'authortitle.bbx' found.

(/usr/local/texlive/2017basic/texmf-dist/tex/latex/biblatex/bbx/authortitle.bbx
File: authortitle.bbx 2016/12/05 v3.7 biblatex bibliography style (PK/JW/AB)
Package biblatex Info: Trying to load bibliography style 'standard'...
Package biblatex Info: ... file 'standard.bbx' found.
(/usr/local/texlive/2017basic/texmf-dist/tex/latex/biblatex/bbx/standard.bbx
File: standard.bbx 2016/12/05 v3.7 biblatex bibliography style (PK/JW/AB)
\c@bbx:relatedcount=\count349
\c@bbx:relatedtotal=\count350
)))
Package biblatex Info: Trying to load citation style 'verbose'...
Package biblatex Info: ... file 'verbose.cbx' found.
(/usr/local/texlive/2017basic/texmf-dist/tex/latex/biblatex/cbx/verbose.cbx
File: verbose.cbx 2016/12/05 v3.7 biblatex citation style (PK/JW/AB)
Package biblatex Info: Redefining '\cite'.
Package biblatex Info: Redefining '\parencite'.
Package biblatex Info: Redefining '\footcite'.
Package biblatex Info: Redefining '\footcitetext'.
Package biblatex Info: Redefining '\smartcite'.
Package biblatex Info: Redefining '\textcite'.
Package biblatex Info: Redefining '\textcites'.
)
Package biblatex Info: Trying to load configuration file...
Package biblatex Info: ... file 'biblatex.cfg' found.

(/usr/local/texlive/2017basic/texmf-dist/tex/latex/biblatex/biblatex.cfg
File: biblatex.cfg 
))
(/usr/local/texlive/2017basic/texmf-dist/tex/latex/geometry/geometry.sty
Package: geometry 2010/09/12 v5.6 Page Geometry

(/usr/local/texlive/2017basic/texmf-dist/tex/generic/oberdiek/ifvtex.sty
Package: ifvtex 2016/05/16 v1.6 Detect VTeX and its facilities (HO)
Package ifvtex Info: VTeX not detected.
)
\Gm@cnth=\count351
\Gm@cntv=\count352
\c@Gm@tempcnt=\count353
\Gm@bindingoffset=\dimen193
\Gm@wd@mp=\dimen194
\Gm@odd@mp=\dimen195
\Gm@even@mp=\dimen196
\Gm@layoutwidth=\dimen197
\Gm@layoutheight=\dimen198
\Gm@layouthoffset=\dimen199
\Gm@layoutvoffset=\dimen256
\Gm@dimlist=\toks29
)
(/usr/local/texlive/2017basic/texmf-dist/tex/latex/hyperref/hyperref.sty
Package: hyperref 2017/03/14 v6.85a Hypertext links for LaTeX

(/usr/local/texlive/2017basic/texmf-dist/tex/generic/oberdiek/hobsub-hyperref.s
ty
Package: hobsub-hyperref 2016/05/16 v1.14 Bundle oberdiek, subset hyperref (HO)

(/usr/local/texlive/2017basic/texmf-dist/tex/generic/oberdiek/hobsub-generic.st
y
Package: hobsub-generic 2016/05/16 v1.14 Bundle oberdiek, subset generic (HO)
Package: hobsub 2016/05/16 v1.14 Construct package bundles (HO)
Package hobsub Info: Skipping package `infwarerr' (already loaded).
Package hobsub Info: Skipping package `ltxcmds' (already loaded).
Package hobsub Info: Skipping package `ifluatex' (already loaded).
Package hobsub Info: Skipping package `ifvtex' (already loaded).
Package: intcalc 2016/05/16 v1.2 Expandable calculations with integers (HO)
Package hobsub Info: Skipping package `ifpdf' (already loaded).
Package hobsub Info: Skipping package `etexcmds' (already loaded).
Package hobsub Info: Skipping package `kvsetkeys' (already loaded).
Package: kvdefinekeys 2016/05/16 v1.4 Define keys (HO)
Package: luatex-loader 2016/05/16 v0.6 Lua module loader (HO)

(/usr/local/texlive/2017basic/texmf-dist/scripts/oberdiek/oberdiek.luatex.lua)
Package hobsub Info: Skipping package `pdftexcmds' (already loaded).
Package: pdfescape 2016/05/16 v1.14 Implements pdfTeX's escape features (HO)
Package: bigintcalc 2016/05/16 v1.4 Expandable calculations on big integers (HO)

Package: bitset 2016/05/16 v1.2 Handle bit-vector datatype (HO)
Package: uniquecounter 2016/05/16 v1.3 Provide unlimited unique counter (HO)
)
Package hobsub Info: Skipping package `hobsub' (already loaded).
Package: letltxmacro 2016/05/16 v1.5 Let assignment for LaTeX macros (HO)
Package: hopatch 2016/05/16 v1.3 Wrapper for package hooks (HO)
Package: xcolor-patch 2016/05/16 xcolor patch
Package: atveryend 2016/05/16 v1.9 Hooks at the very end of document (HO)
Package: atbegshi 2016/06/09 v1.18 At begin shipout hook (HO)
Package: refcount 2016/05/16 v3.5 Data extraction from label references (HO)
Package: hycolor 2016/05/16 v1.8 Color options for hyperref/bookmark (HO)
) (/usr/local/texlive/2017basic/texmf-dist/tex/latex/oberdiek/auxhook.sty
Package: auxhook 2016/05/16 v1.4 Hooks for auxiliary files (HO)
)
\@linkdim=\dimen257
\Hy@linkcounter=\count354
\Hy@pagecounter=\count355

(/usr/local/texlive/2017basic/texmf-dist/tex/latex/hyperref/pd1enc.def
File: pd1enc.def 2017/03/14 v6.85a Hyperref: PDFDocEncoding definition (HO)
)
\Hy@SavedSpaceFactor=\count356

(/usr/local/texlive/2017basic/texmf-dist/tex/latex/latexconfig/hyperref.cfg
File: hyperref.cfg 2002/06/06 v1.2 hyperref configuration of TeXLive
)
Package hyperref Info: Hyper figures OFF on input line 4498.
Package hyperref Info: Link nesting OFF on input line 4503.
Package hyperref Info: Hyper index ON on input line 4506.
Package hyperref Info: Plain pages OFF on input line 4513.
Package hyperref Info: Backreferencing OFF on input line 4518.
Package hyperref Info: Implicit mode ON; LaTeX internals redefined.
Package hyperref Info: Bookmarks ON on input line 4751.
\c@Hy@tempcnt=\count357
LaTeX Info: Redefining \url on input line 5104.
\XeTeXLinkMargin=\dimen258
\Fld@menulength=\count358
\Field@Width=\dimen259
\Fld@charsize=\dimen260
Package hyperref Info: Hyper figures OFF on input line 6358.
Package hyperref Info: Link nesting OFF on input line 6363.
Package hyperref Info: Hyper index ON on input line 6366.
Package hyperref Info: backreferencing OFF on input line 6373.
Package hyperref Info: Link coloring OFF on input line 6378.
Package hyperref Info: Link coloring with OCG OFF on input line 6383.
Package hyperref Info: PDF/A mode OFF on input line 6388.
LaTeX Info: Redefining \ref on input line 6428.
LaTeX Info: Redefining \pageref on input line 6432.
\Hy@abspage=\count359
\c@Item=\count360
\c@Hfootnote=\count361
)

Package hyperref Message: Driver (autodetected): hluatex.

(/usr/local/texlive/2017basic/texmf-dist/tex/latex/hyperref/hluatex.def
File: hluatex.def 2017/03/14 v6.85a Hyperref driver for luaTeX
\Fld@listcount=\count362
\c@bookmark@seq@number=\count363

(/usr/local/texlive/2017basic/texmf-dist/tex/latex/oberdiek/rerunfilecheck.sty
Package: rerunfilecheck 2016/05/16 v1.8 Rerun checks for auxiliary files (HO)
Package uniquecounter Info: New unique counter `rerunfilecheck' on input line 28
2.
)
\Hy@SectionHShift=\skip63
)
Package hyperref Info: Option `colorlinks' set `false' on input line 421.
)
.................................................
. lualatex-math info: "patch-macro"
. 
. I'm going to patch macro \frac.
.................................................
Package biblatex Info: Trying to load language 'english'...
Package biblatex Info: ... file 'english.lbx' found.
 (/usr/local/texlive/2017basic/texmf-dist/tex/latex/biblatex/lbx/english.lbx
File: english.lbx 2016/12/05 v3.7 biblatex localization (PK/JW/AB)
)
\@quotelevel=\count364
\@quotereset=\count365
(./gkiarcv.aux)
\openout1 = gkiarcv.aux

LaTeX Font Info:    Checking defaults for OML/cmm/m/it on input line 26.
LaTeX Font Info:    ... okay on input line 26.
LaTeX Font Info:    Checking defaults for T1/cmr/m/n on input line 26.
LaTeX Font Info:    ... okay on input line 26.
LaTeX Font Info:    Checking defaults for OT1/cmr/m/n on input line 26.
LaTeX Font Info:    ... okay on input line 26.
LaTeX Font Info:    Checking defaults for OMS/cmsy/m/n on input line 26.
LaTeX Font Info:    ... okay on input line 26.
LaTeX Font Info:    Checking defaults for TU/lmr/m/n on input line 26.
LaTeX Font Info:    ... okay on input line 26.
LaTeX Font Info:    Checking defaults for OMX/cmex/m/n on input line 26.
LaTeX Font Info:    ... okay on input line 26.
LaTeX Font Info:    Checking defaults for U/cmr/m/n on input line 26.
LaTeX Font Info:    ... okay on input line 26.
LaTeX Font Info:    Checking defaults for TS1/cmr/m/n on input line 26.
LaTeX Font Info:    ... okay on input line 26.
LaTeX Font Info:    Checking defaults for PD1/pdf/m/n on input line 26.
LaTeX Font Info:    ... okay on input line 26.

(/usr/local/texlive/2017basic/texmf-dist/tex/context/base/mkii/supp-pdf.mkii
[Loading MPS to PDF converter (version 2006.09.02).]
\scratchcounter=\count366
\scratchdimen=\dimen261
\scratchbox=\box55
\nofMPsegments=\count367
\nofMParguments=\count368
\everyMPshowfont=\toks30
\MPscratchCnt=\count369
\MPscratchDim=\dimen262
\MPnumerator=\count370
\makeMPintoPDFobject=\count371
\everyMPtoPDFconversion=\toks31
) (/usr/local/texlive/2017basic/texmf-dist/tex/latex/oberdiek/epstopdf-base.sty
Package: epstopdf-base 2016/05/15 v2.6 Base part for package epstopdf
(/usr/local/texlive/2017basic/texmf-dist/tex/latex/oberdiek/grfext.sty
Package: grfext 2016/05/16 v1.2 Manage graphics extensions (HO)
)
Package epstopdf-base Info: Redefining graphics rule for `.eps' on input line 43
8.
Package grfext Info: Graphics extension search list:
(grfext)             [.png,.pdf,.jpg,.mps,.jpeg,.jbig2,.jb2,.PNG,.PDF,.JPG,.JPEG
,.JBIG2,.JB2,.eps]
(grfext)             \AppendGraphicsExtensions on input line 456.

(/usr/local/texlive/2017basic/texmf-dist/tex/latex/latexconfig/epstopdf-sys.cfg
File: epstopdf-sys.cfg 2010/07/13 v1.3 Configuration of (r)epstopdf for TeX Live

))(load luc: /usr/local/texlive/2017basic/texmf-var/luatex-cache/generic/fonts/o
tl/latinmodern-math.luc)
\g__fontspec_family_latinmodern-math.otf_int=\count372
luaotfload | aux : font no 30 (nil) does not define feature smcp for script math
 with language dflt
luaotfload | aux : no font with id 30
luaotfload | aux : font no 30 (nil) does not define feature smcp for script math
 with language dflt
luaotfload | aux : no font with id 30
LaTeX Font Info:    Encoding `OT1' has changed to `TU' for symbol font
(Font)              `operators' in the math version `normal' on input line 26.
LaTeX Font Info:    Overwriting symbol font `operators' in version `normal'
(Font)                  OT1/cmr/m/n --> TU/latinmodern-math.otf(0)/m/n on input 
line 26.
LaTeX Font Info:    Encoding `OT1' has changed to `TU' for symbol font
(Font)              `operators' in the math version `bold' on input line 26.
LaTeX Font Info:    Overwriting symbol font `operators' in version `bold'
(Font)                  OT1/cmr/bx/n --> TU/latinmodern-math.otf(0)/bx/n on inpu
t line 26.
luaotfload | aux : font no 30 (nil) does not define feature smcp for script math
 with language dflt
luaotfload | aux : no font with id 30
luaotfload | aux : font no 30 (nil) does not define feature smcp for script math
 with language dflt
luaotfload | aux : no font with id 30
LaTeX Font Info:    Encoding `OMS' has changed to `TU' for symbol font
(Font)              `symbols' in the math version `normal' on input line 26.
LaTeX Font Info:    Overwriting symbol font `symbols' in version `normal'
(Font)                  OMS/cmsy/m/n --> TU/latinmodern-math.otf(1)/m/n on input
 line 26.
LaTeX Font Info:    Encoding `OMS' has changed to `TU' for symbol font
(Font)              `symbols' in the math version `bold' on input line 26.
LaTeX Font Info:    Overwriting symbol font `symbols' in version `bold'
(Font)                  OMS/cmsy/b/n --> TU/latinmodern-math.otf(1)/bx/n on inpu
t line 26.
luaotfload | aux : font no 30 (nil) does not define feature smcp for script math
 with language dflt
luaotfload | aux : no font with id 30
luaotfload | aux : font no 30 (nil) does not define feature smcp for script math
 with language dflt
luaotfload | aux : no font with id 30
LaTeX Font Info:    Encoding `OMX' has changed to `TU' for symbol font
(Font)              `largesymbols' in the math version `normal' on input line 26
.
LaTeX Font Info:    Overwriting symbol font `largesymbols' in version `normal'
(Font)                  OMX/cmex/m/n --> TU/latinmodern-math.otf(2)/m/n on input
 line 26.
LaTeX Font Info:    Encoding `OMX' has changed to `TU' for symbol font
(Font)              `largesymbols' in the math version `bold' on input line 26.
LaTeX Font Info:    Overwriting symbol font `largesymbols' in version `bold'
(Font)                  OMX/cmex/m/n --> TU/latinmodern-math.otf(2)/bx/n on inpu
t line 26.
 ABD: EveryShipout initializing macros
Package biblatex Info: LuaTeX detected.
(biblatex)             Assuming input encoding 'utf8'.
Package biblatex Info: Automatic encoding selection.
(biblatex)             Assuming data encoding 'utf8'.

\openout5 = gkiarcv.bcf
Package biblatex Info: Trying to load bibliographic data...
Package biblatex Info: ... file 'gkiarcv.bbl' found.
 (./gkiarcv.bbl)
Package biblatex Info: Reference section=0 on input line 26.
Package biblatex Info: Reference segment=0 on input line 26.
*geometry* driver: auto-detecting
*geometry* detected driver: pdftex
*geometry* verbose mode - [ preamble ] result:
* driver: pdftex
* paper: <default>
* layout: <same size as paper>
* layoutoffset:(h,v)=(0.0pt,0.0pt)
* modes: 
* h-part:(L,W,R)=(173.56198pt, 398.0539pt, 42.67912pt)
* v-part:(T,H,B)=(56.9055pt, 666.9326pt, 71.13188pt)
* \paperwidth=614.295pt
* \paperheight=794.96999pt
* \textwidth=398.0539pt
* \textheight=666.9326pt
* \oddsidemargin=101.29199pt
* \evensidemargin=101.29199pt
* \topmargin=-15.36449pt
* \headheight=0.0pt
* \headsep=0.0pt
* \topskip=10.0pt
* \footskip=0.0pt
* \marginparwidth=65.0pt
* \marginparsep=11.0pt
* \columnsep=10.0pt
* \skip\footins=9.0pt plus 4.0pt minus 2.0pt
* \hoffset=0.0pt
* \voffset=0.0pt
* \mag=1000
* \@twocolumnfalse
* \@twosidefalse
* \@mparswitchfalse
* \@reversemarginfalse
* (1in=72.27pt=25.4mm, 1cm=28.453pt)

\AtBeginShipoutBox=\box56
Package hyperref Info: Link coloring OFF on input line 26.
(/usr/local/texlive/2017basic/texmf-dist/tex/latex/hyperref/nameref.sty
Package: nameref 2016/05/21 v2.44 Cross-referencing by name of section

(/usr/local/texlive/2017basic/texmf-dist/tex/generic/oberdiek/gettitlestring.st
y
Package: gettitlestring 2016/05/16 v1.5 Cleanup title references (HO)
)
\c@section@level=\count373
)
LaTeX Info: Redefining \ref on input line 26.
LaTeX Info: Redefining \pageref on input line 26.
LaTeX Info: Redefining \nameref on input line 26.
 (./gkiarcv.out) (./gkiarcv.out)
\@outlinefile=\write6

\openout6 = gkiarcv.out
luaotfload | load : font option ".ttf:mode=node" unknown.
luaotfload | load : font option ".ttf:mode=node" unknown.
luaotfload | load : font option ".ttf:mode=node" unknown.
warning  (file ./headshot.pdf) (pdf inclusion): PDF inclusion: found PDF version
 '1.7', but at most version '1.5' allowed
<./headshot.pdf, id=7, 722.7pt x 699.61375pt>
File: ./headshot.pdf Graphic file (type pdf)
 <use ./headshot.pdf>
Package luatex.def Info: ./headshot.pdf used on input line 35.
(luatex.def)             Requested size: 102.43004pt x 99.15155pt.
luaotfload | load : font option ".ttf:mode=node" unknown.
luaotfload | load : font option ".ttf:mode=node" unknown.
LaTeX Font Info:    Font shape `TU/latinmodern-math.otf(1)/m/n' will be
(Font)              scaled to size 10.00015pt on input line 52.
LaTeX Font Info:    Font shape `TU/latinmodern-math.otf(1)/m/n' will be
(Font)              scaled to size 7.0001pt on input line 52.
LaTeX Font Info:    Font shape `TU/latinmodern-math.otf(1)/m/n' will be
(Font)              scaled to size 5.00008pt on input line 52.
LaTeX Font Info:    Font shape `TU/latinmodern-math.otf(2)/m/n' will be
(Font)              scaled to size 9.99985pt on input line 52.
LaTeX Font Info:    Font shape `TU/latinmodern-math.otf(2)/m/n' will be
(Font)              scaled to size 6.9999pt on input line 52.
LaTeX Font Info:    Font shape `TU/latinmodern-math.otf(2)/m/n' will be
(Font)              scaled to size 4.99992pt on input line 52.
luaotfload | load : font option ".ttf:mode=node" unknown.
luaotfload | load : font option ".ttf:mode=node" unknown.
luaotfload | load : font option ".ttf:mode=node" unknown.
luaotfload | load : font option ".ttf:mode=node" unknown.
luaotfload | aux : font no 53 (nil) does not define feature smcp for script latn
 with language dflt
luaotfload | aux : no font with id 53
luaotfload | aux : font no 54 (nil) does not define feature smcp for script latn
 with language dflt
luaotfload | aux : no font with id 54
luaotfload | aux : font no 54 (nil) does not define feature smcp for script latn
 with language dflt
luaotfload | aux : no font with id 54
luaotfload | aux : font no 54 (nil) does not define feature smcp for script latn
 with language dflt
luaotfload | aux : no font with id 54
luaotfload | load : font option ".ttf:mode=node" unknown.
Underfull \hbox (badness 10000) in paragraph at lines 65--114

 []

luaotfload | load : font option ".ttf:mode=node" unknown.
luaotfload | load : font option ".ttf:mode=node" unknown.
luaotfload | load : font option ".ttf:mode=node" unknown.
Underfull \hbox (badness 10000) in paragraph at lines 125--148

 []


Overfull \hbox (0.62877pt too wide) in alignment at lines 163--191
[] []
 []


Underfull \hbox (badness 10000) in paragraph at lines 151--192

 []

[1

{/usr/local/texlive/2017basic/texmf-var/fonts/map/pdftex/updmap/pdftex.map}<./he
adshot.pdf>]
Underfull \hbox (badness 10000) in paragraph at lines 195--238

 []


Underfull \hbox (badness 10000) in paragraph at lines 245--319

 []

[2]
Underfull \hbox (badness 10000) in paragraph at lines 326--429

 []

[3]
\blx@maxsegment@1=\count374
\blx@sectionciteorder@1=\count375
Package biblatex Info: Reference section=1 on input line 447.
Package biblatex Info: Setting label 'refsection:1' on input line 447.


Package biblatex Warning: sorting option to \printbibliography is no longer supp
orted, use 'sorting' option to \newrefcontext.

luaotfload | load : font option ".ttf:mode=node" unknown.
luaotfload | load : font option ".ttf:mode=node" unknown.
luaotfload | aux : font no 60 (nil) does not define feature smcp for script latn
 with language dflt
luaotfload | aux : no font with id 60
luaotfload | load : font option ".ttf:mode=node" unknown.
luaotfload | aux : font no 62 (nil) does not define feature smcp for script latn
 with language dflt
luaotfload | aux : no font with id 62
luaotfload | aux : font no 62 (nil) does not define feature smcp for script latn
 with language dflt
luaotfload | aux : no font with id 62
luaotfload | aux : font no 62 (nil) does not define feature smcp for script latn
 with language dflt
luaotfload | aux : no font with id 62
luaotfload | load : font option ".ttf:mode=node" unknown.
LaTeX Font Info:    Font shape `TU/latinmodern-math.otf(1)/m/n' will be
(Font)              scaled to size 9.00014pt on input line 447.
LaTeX Font Info:    Font shape `TU/latinmodern-math.otf(1)/m/n' will be
(Font)              scaled to size 6.00009pt on input line 447.
LaTeX Font Info:    Font shape `TU/latinmodern-math.otf(2)/m/n' will be
(Font)              scaled to size 8.99986pt on input line 447.
LaTeX Font Info:    Font shape `TU/latinmodern-math.otf(2)/m/n' will be
(Font)              scaled to size 5.99991pt on input line 447.
luaotfload | aux : font no 60 (nil) does not define feature smcp for script latn
 with language dflt
luaotfload | aux : no font with id 60
luaotfload | load : font option ".ttf:mode=node" unknown.
luaotfload | aux : font no 62 (nil) does not define feature smcp for script latn
 with language dflt
luaotfload | aux : no font with id 62
luaotfload | aux : font no 62 (nil) does not define feature smcp for script latn
 with language dflt
luaotfload | aux : no font with id 62
luaotfload | aux : font no 62 (nil) does not define feature smcp for script latn
 with language dflt
luaotfload | aux : no font with id 62
luaotfload | load : font option ".ttf:mode=node" unknown.
luaotfload | aux : font no 60 (nil) does not define feature smcp for script latn
 with language dflt
luaotfload | aux : no font with id 60
luaotfload | load : font option ".ttf:mode=node" unknown.
luaotfload | aux : font no 62 (nil) does not define feature smcp for script latn
 with language dflt
luaotfload | aux : no font with id 62
luaotfload | aux : font no 62 (nil) does not define feature smcp for script latn
 with language dflt
luaotfload | aux : no font with id 62
luaotfload | aux : font no 62 (nil) does not define feature smcp for script latn
 with language dflt
luaotfload | aux : no font with id 62
luaotfload | load : font option ".ttf:mode=node" unknown.
luaotfload | aux : font no 60 (nil) does not define feature smcp for script latn
 with language dflt
luaotfload | aux : no font with id 60
luaotfload | load : font option ".ttf:mode=node" unknown.
luaotfload | aux : font no 62 (nil) does not define feature smcp for script latn
 with language dflt
luaotfload | aux : no font with id 62
luaotfload | aux : font no 62 (nil) does not define feature smcp for script latn
 with language dflt
luaotfload | aux : no font with id 62
luaotfload | aux : font no 62 (nil) does not define feature smcp for script latn
 with language dflt
luaotfload | aux : no font with id 62
luaotfload | load : font option ".ttf:mode=node" unknown.
luaotfload | aux : font no 60 (nil) does not define feature smcp for script latn
 with language dflt
luaotfload | aux : no font with id 60
luaotfload | load : font option ".ttf:mode=node" unknown.
luaotfload | aux : font no 62 (nil) does not define feature smcp for script latn
 with language dflt
luaotfload | aux : no font with id 62
luaotfload | aux : font no 62 (nil) does not define feature smcp for script latn
 with language dflt
luaotfload | aux : no font with id 62
luaotfload | aux : font no 62 (nil) does not define feature smcp for script latn
 with language dflt
luaotfload | aux : no font with id 62
luaotfload | load : font option ".ttf:mode=node" unknown.
luaotfload | aux : font no 60 (nil) does not define feature smcp for script latn
 with language dflt
luaotfload | aux : no font with id 60
luaotfload | load : font option ".ttf:mode=node" unknown.
luaotfload | aux : font no 62 (nil) does not define feature smcp for script latn
 with language dflt
luaotfload | aux : no font with id 62
luaotfload | aux : font no 62 (nil) does not define feature smcp for script latn
 with language dflt
luaotfload | aux : no font with id 62
luaotfload | aux : font no 62 (nil) does not define feature smcp for script latn
 with language dflt
luaotfload | aux : no font with id 62
luaotfload | load : font option ".ttf:mode=node" unknown.
luaotfload | aux : font no 60 (nil) does not define feature smcp for script latn
 with language dflt
luaotfload | aux : no font with id 60
luaotfload | load : font option ".ttf:mode=node" unknown.
luaotfload | aux : font no 62 (nil) does not define feature smcp for script latn
 with language dflt
luaotfload | aux : no font with id 62
luaotfload | aux : font no 62 (nil) does not define feature smcp for script latn
 with language dflt
luaotfload | aux : no font with id 62
luaotfload | aux : font no 62 (nil) does not define feature smcp for script latn
 with language dflt
luaotfload | aux : no font with id 62
luaotfload | load : font option ".ttf:mode=node" unknown.
luaotfload | aux : font no 60 (nil) does not define feature smcp for script latn
 with language dflt
luaotfload | aux : no font with id 60
luaotfload | load : font option ".ttf:mode=node" unknown.
luaotfload | aux : font no 62 (nil) does not define feature smcp for script latn
 with language dflt
luaotfload | aux : no font with id 62
luaotfload | aux : font no 62 (nil) does not define feature smcp for script latn
 with language dflt
luaotfload | aux : no font with id 62
luaotfload | aux : font no 62 (nil) does not define feature smcp for script latn
 with language dflt
luaotfload | aux : no font with id 62
luaotfload | load : font option ".ttf:mode=node" unknown.
luaotfload | aux : font no 60 (nil) does not define feature smcp for script latn
 with language dflt
luaotfload | aux : no font with id 60
luaotfload | load : font option ".ttf:mode=node" unknown.
luaotfload | aux : font no 62 (nil) does not define feature smcp for script latn
 with language dflt
luaotfload | aux : no font with id 62
luaotfload | aux : font no 62 (nil) does not define feature smcp for script latn
 with language dflt
luaotfload | aux : no font with id 62
luaotfload | aux : font no 62 (nil) does not define feature smcp for script latn
 with language dflt
luaotfload | aux : no font with id 62
luaotfload | load : font option ".ttf:mode=node" unknown.
luaotfload | aux : font no 60 (nil) does not define feature smcp for script latn
 with language dflt
luaotfload | aux : no font with id 60
luaotfload | load : font option ".ttf:mode=node" unknown.
luaotfload | aux : font no 62 (nil) does not define feature smcp for script latn
 with language dflt
luaotfload | aux : no font with id 62
luaotfload | aux : font no 62 (nil) does not define feature smcp for script latn
 with language dflt
luaotfload | aux : no font with id 62
luaotfload | aux : font no 62 (nil) does not define feature smcp for script latn
 with language dflt
luaotfload | aux : no font with id 62
luaotfload | load : font option ".ttf:mode=node" unknown.
luaotfload | aux : font no 60 (nil) does not define feature smcp for script latn
 with language dflt
luaotfload | aux : no font with id 60
luaotfload | load : font option ".ttf:mode=node" unknown.
luaotfload | aux : font no 62 (nil) does not define feature smcp for script latn
 with language dflt
luaotfload | aux : no font with id 62
luaotfload | aux : font no 62 (nil) does not define feature smcp for script latn
 with language dflt
luaotfload | aux : no font with id 62
luaotfload | aux : font no 62 (nil) does not define feature smcp for script latn
 with language dflt
luaotfload | aux : no font with id 62
luaotfload | load : font option ".ttf:mode=node" unknown.
luaotfload | aux : font no 60 (nil) does not define feature smcp for script latn
 with language dflt
luaotfload | aux : no font with id 60
luaotfload | load : font option ".ttf:mode=node" unknown.
luaotfload | aux : font no 62 (nil) does not define feature smcp for script latn
 with language dflt
luaotfload | aux : no font with id 62
luaotfload | aux : font no 62 (nil) does not define feature smcp for script latn
 with language dflt
luaotfload | aux : no font with id 62
luaotfload | aux : font no 62 (nil) does not define feature smcp for script latn
 with language dflt
luaotfload | aux : no font with id 62
luaotfload | load : font option ".ttf:mode=node" unknown.
luaotfload | aux : font no 60 (nil) does not define feature smcp for script latn
 with language dflt
luaotfload | aux : no font with id 60
luaotfload | load : font option ".ttf:mode=node" unknown.
luaotfload | aux : font no 62 (nil) does not define feature smcp for script latn
 with language dflt
luaotfload | aux : no font with id 62
luaotfload | aux : font no 62 (nil) does not define feature smcp for script latn
 with language dflt
luaotfload | aux : no font with id 62
luaotfload | aux : font no 62 (nil) does not define feature smcp for script latn
 with language dflt
luaotfload | aux : no font with id 62
luaotfload | load : font option ".ttf:mode=node" unknown.
luaotfload | aux : font no 60 (nil) does not define feature smcp for script latn
 with language dflt
luaotfload | aux : no font with id 60
luaotfload | load : font option ".ttf:mode=node" unknown.
luaotfload | aux : font no 62 (nil) does not define feature smcp for script latn
 with language dflt
luaotfload | aux : no font with id 62
luaotfload | aux : font no 62 (nil) does not define feature smcp for script latn
 with language dflt
luaotfload | aux : no font with id 62
luaotfload | aux : font no 62 (nil) does not define feature smcp for script latn
 with language dflt
luaotfload | aux : no font with id 62
luaotfload | load : font option ".ttf:mode=node" unknown.
luaotfload | aux : font no 60 (nil) does not define feature smcp for script latn
 with language dflt
luaotfload | aux : no font with id 60
luaotfload | load : font option ".ttf:mode=node" unknown.
luaotfload | aux : font no 62 (nil) does not define feature smcp for script latn
 with language dflt
luaotfload | aux : no font with id 62
luaotfload | aux : font no 62 (nil) does not define feature smcp for script latn
 with language dflt
luaotfload | aux : no font with id 62
luaotfload | aux : font no 62 (nil) does not define feature smcp for script latn
 with language dflt
luaotfload | aux : no font with id 62
luaotfload | load : font option ".ttf:mode=node" unknown.
luaotfload | aux : font no 60 (nil) does not define feature smcp for script latn
 with language dflt
luaotfload | aux : no font with id 60
luaotfload | load : font option ".ttf:mode=node" unknown.
luaotfload | aux : font no 62 (nil) does not define feature smcp for script latn
 with language dflt
luaotfload | aux : no font with id 62
luaotfload | aux : font no 62 (nil) does not define feature smcp for script latn
 with language dflt
luaotfload | aux : no font with id 62
luaotfload | aux : font no 62 (nil) does not define feature smcp for script latn
 with language dflt
luaotfload | aux : no font with id 62
luaotfload | load : font option ".ttf:mode=node" unknown.
luaotfload | aux : font no 60 (nil) does not define feature smcp for script latn
 with language dflt
luaotfload | aux : no font with id 60
luaotfload | load : font option ".ttf:mode=node" unknown.
luaotfload | aux : font no 62 (nil) does not define feature smcp for script latn
 with language dflt
luaotfload | aux : no font with id 62
luaotfload | aux : font no 62 (nil) does not define feature smcp for script latn
 with language dflt
luaotfload | aux : no font with id 62
luaotfload | aux : font no 62 (nil) does not define feature smcp for script latn
 with language dflt
luaotfload | aux : no font with id 62
luaotfload | load : font option ".ttf:mode=node" unknown.
luaotfload | aux : font no 60 (nil) does not define feature smcp for script latn
 with language dflt
luaotfload | aux : no font with id 60
luaotfload | load : font option ".ttf:mode=node" unknown.
luaotfload | aux : font no 62 (nil) does not define feature smcp for script latn
 with language dflt
luaotfload | aux : no font with id 62
luaotfload | aux : font no 62 (nil) does not define feature smcp for script latn
 with language dflt
luaotfload | aux : no font with id 62
luaotfload | aux : font no 62 (nil) does not define feature smcp for script latn
 with language dflt
luaotfload | aux : no font with id 62
luaotfload | load : font option ".ttf:mode=node" unknown.
luaotfload | aux : font no 60 (nil) does not define feature smcp for script latn
 with language dflt
luaotfload | aux : no font with id 60
luaotfload | load : font option ".ttf:mode=node" unknown.
luaotfload | aux : font no 62 (nil) does not define feature smcp for script latn
 with language dflt
luaotfload | aux : no font with id 62
luaotfload | aux : font no 62 (nil) does not define feature smcp for script latn
 with language dflt
luaotfload | aux : no font with id 62
luaotfload | aux : font no 62 (nil) does not define feature smcp for script latn
 with language dflt
luaotfload | aux : no font with id 62
luaotfload | load : font option ".ttf:mode=node" unknown.
luaotfload | aux : font no 60 (nil) does not define feature smcp for script latn
 with language dflt
luaotfload | aux : no font with id 60
luaotfload | load : font option ".ttf:mode=node" unknown.
luaotfload | aux : font no 62 (nil) does not define feature smcp for script latn
 with language dflt
luaotfload | aux : no font with id 62
luaotfload | aux : font no 62 (nil) does not define feature smcp for script latn
 with language dflt
luaotfload | aux : no font with id 62
luaotfload | aux : font no 62 (nil) does not define feature smcp for script latn
 with language dflt
luaotfload | aux : no font with id 62
luaotfload | load : font option ".ttf:mode=node" unknown.
luaotfload | load : font option "/I.ttf:mode=node" unknown.
luaotfload | load : font option "/I.ttf:mode=node" unknown.
Package biblatex Info: Reference section=0 on input line 447.
\blx@maxsegment@2=\count376
\blx@sectionciteorder@2=\count377
Package biblatex Info: Reference section=2 on input line 449.
Package biblatex Info: Setting label 'refsection:2' on input line 449.

Package biblatex Warning: sorting option to \printbibliography is no longer supp
orted, use 'sorting' option to \newrefcontext.

luaotfload | aux : font no 60 (nil) does not define feature smcp for script latn
 with language dflt
luaotfload | aux : no font with id 60
luaotfload | load : font option ".ttf:mode=node" unknown.
luaotfload | aux : font no 62 (nil) does not define feature smcp for script latn
 with language dflt
luaotfload | aux : no font with id 62
luaotfload | aux : font no 62 (nil) does not define feature smcp for script latn
 with language dflt
luaotfload | aux : no font with id 62
luaotfload | aux : font no 62 (nil) does not define feature smcp for script latn
 with language dflt
luaotfload | aux : no font with id 62
luaotfload | load : font option ".ttf:mode=node" unknown.
luaotfload | aux : font no 60 (nil) does not define feature smcp for script latn
 with language dflt
luaotfload | aux : no font with id 60
luaotfload | load : font option ".ttf:mode=node" unknown.
luaotfload | aux : font no 62 (nil) does not define feature smcp for script latn
 with language dflt
luaotfload | aux : no font with id 62
luaotfload | aux : font no 62 (nil) does not define feature smcp for script latn
 with language dflt
luaotfload | aux : no font with id 62
luaotfload | aux : font no 62 (nil) does not define feature smcp for script latn
 with language dflt
luaotfload | aux : no font with id 62
luaotfload | load : font option ".ttf:mode=node" unknown.
luaotfload | aux : font no 60 (nil) does not define feature smcp for script latn
 with language dflt
luaotfload | aux : no font with id 60
luaotfload | load : font option ".ttf:mode=node" unknown.
luaotfload | aux : font no 62 (nil) does not define feature smcp for script latn
 with language dflt
luaotfload | aux : no font with id 62
luaotfload | aux : font no 62 (nil) does not define feature smcp for script latn
 with language dflt
luaotfload | aux : no font with id 62
luaotfload | aux : font no 62 (nil) does not define feature smcp for script latn
 with language dflt
luaotfload | aux : no font with id 62
luaotfload | load : font option ".ttf:mode=node" unknown.
luaotfload | aux : font no 60 (nil) does not define feature smcp for script latn
 with language dflt
luaotfload | aux : no font with id 60
luaotfload | load : font option ".ttf:mode=node" unknown.
luaotfload | aux : font no 62 (nil) does not define feature smcp for script latn
 with language dflt
luaotfload | aux : no font with id 62
luaotfload | aux : font no 62 (nil) does not define feature smcp for script latn
 with language dflt
luaotfload | aux : no font with id 62
luaotfload | aux : font no 62 (nil) does not define feature smcp for script latn
 with language dflt
luaotfload | aux : no font with id 62
luaotfload | load : font option ".ttf:mode=node" unknown.
luaotfload | aux : font no 60 (nil) does not define feature smcp for script latn
 with language dflt
luaotfload | aux : no font with id 60
luaotfload | load : font option ".ttf:mode=node" unknown.
luaotfload | aux : font no 62 (nil) does not define feature smcp for script latn
 with language dflt
luaotfload | aux : no font with id 62
luaotfload | aux : font no 62 (nil) does not define feature smcp for script latn
 with language dflt
luaotfload | aux : no font with id 62
luaotfload | aux : font no 62 (nil) does not define feature smcp for script latn
 with language dflt
luaotfload | aux : no font with id 62
luaotfload | load : font option ".ttf:mode=node" unknown.
luaotfload | aux : font no 60 (nil) does not define feature smcp for script latn
 with language dflt
luaotfload | aux : no font with id 60
luaotfload | load : font option ".ttf:mode=node" unknown.
luaotfload | aux : font no 62 (nil) does not define feature smcp for script latn
 with language dflt
luaotfload | aux : no font with id 62
luaotfload | aux : font no 62 (nil) does not define feature smcp for script latn
 with language dflt
luaotfload | aux : no font with id 62
luaotfload | aux : font no 62 (nil) does not define feature smcp for script latn
 with language dflt
luaotfload | aux : no font with id 62
luaotfload | load : font option ".ttf:mode=node" unknown.
luaotfload | aux : font no 60 (nil) does not define feature smcp for script latn
 with language dflt
luaotfload | aux : no font with id 60
luaotfload | load : font option ".ttf:mode=node" unknown.
luaotfload | aux : font no 62 (nil) does not define feature smcp for script latn
 with language dflt
luaotfload | aux : no font with id 62
luaotfload | aux : font no 62 (nil) does not define feature smcp for script latn
 with language dflt
luaotfload | aux : no font with id 62
luaotfload | aux : font no 62 (nil) does not define feature smcp for script latn
 with language dflt
luaotfload | aux : no font with id 62
luaotfload | load : font option ".ttf:mode=node" unknown.
luaotfload | aux : font no 60 (nil) does not define feature smcp for script latn
 with language dflt
luaotfload | aux : no font with id 60
luaotfload | load : font option ".ttf:mode=node" unknown.
luaotfload | aux : font no 62 (nil) does not define feature smcp for script latn
 with language dflt
luaotfload | aux : no font with id 62
luaotfload | aux : font no 62 (nil) does not define feature smcp for script latn
 with language dflt
luaotfload | aux : no font with id 62
luaotfload | aux : font no 62 (nil) does not define feature smcp for script latn
 with language dflt
luaotfload | aux : no font with id 62
luaotfload | load : font option ".ttf:mode=node" unknown.
luaotfload | aux : font no 60 (nil) does not define feature smcp for script latn
 with language dflt
luaotfload | aux : no font with id 60
luaotfload | load : font option ".ttf:mode=node" unknown.
luaotfload | aux : font no 62 (nil) does not define feature smcp for script latn
 with language dflt
luaotfload | aux : no font with id 62
luaotfload | aux : font no 62 (nil) does not define feature smcp for script latn
 with language dflt
luaotfload | aux : no font with id 62
luaotfload | aux : font no 62 (nil) does not define feature smcp for script latn
 with language dflt
luaotfload | aux : no font with id 62
luaotfload | load : font option ".ttf:mode=node" unknown.
luaotfload | aux : font no 60 (nil) does not define feature smcp for script latn
 with language dflt
luaotfload | aux : no font with id 60
luaotfload | load : font option ".ttf:mode=node" unknown.
luaotfload | aux : font no 62 (nil) does not define feature smcp for script latn
 with language dflt
luaotfload | aux : no font with id 62
luaotfload | aux : font no 62 (nil) does not define feature smcp for script latn
 with language dflt
luaotfload | aux : no font with id 62
luaotfload | aux : font no 62 (nil) does not define feature smcp for script latn
 with language dflt
luaotfload | aux : no font with id 62
luaotfload | load : font option ".ttf:mode=node" unknown.
luaotfload | aux : font no 60 (nil) does not define feature smcp for script latn
 with language dflt
luaotfload | aux : no font with id 60
luaotfload | load : font option ".ttf:mode=node" unknown.
luaotfload | aux : font no 62 (nil) does not define feature smcp for script latn
 with language dflt
luaotfload | aux : no font with id 62
luaotfload | aux : font no 62 (nil) does not define feature smcp for script latn
 with language dflt
luaotfload | aux : no font with id 62
luaotfload | aux : font no 62 (nil) does not define feature smcp for script latn
 with language dflt
luaotfload | aux : no font with id 62
luaotfload | load : font option ".ttf:mode=node" unknown.
luaotfload | aux : font no 60 (nil) does not define feature smcp for script latn
 with language dflt
luaotfload | aux : no font with id 60
luaotfload | load : font option ".ttf:mode=node" unknown.
luaotfload | aux : font no 62 (nil) does not define feature smcp for script latn
 with language dflt
luaotfload | aux : no font with id 62
luaotfload | aux : font no 62 (nil) does not define feature smcp for script latn
 with language dflt
luaotfload | aux : no font with id 62
luaotfload | aux : font no 62 (nil) does not define feature smcp for script latn
 with language dflt
luaotfload | aux : no font with id 62
luaotfload | load : font option ".ttf:mode=node" unknown.
luaotfload | aux : font no 60 (nil) does not define feature smcp for script latn
 with language dflt
luaotfload | aux : no font with id 60
luaotfload | load : font option ".ttf:mode=node" unknown.
luaotfload | aux : font no 62 (nil) does not define feature smcp for script latn
 with language dflt
luaotfload | aux : no font with id 62
luaotfload | aux : font no 62 (nil) does not define feature smcp for script latn
 with language dflt
luaotfload | aux : no font with id 62
luaotfload | aux : font no 62 (nil) does not define feature smcp for script latn
 with language dflt
luaotfload | aux : no font with id 62
luaotfload | load : font option ".ttf:mode=node" unknown.
luaotfload | aux : font no 60 (nil) does not define feature smcp for script latn
 with language dflt
luaotfload | aux : no font with id 60
luaotfload | load : font option ".ttf:mode=node" unknown.
luaotfload | aux : font no 62 (nil) does not define feature smcp for script latn
 with language dflt
luaotfload | aux : no font with id 62
luaotfload | aux : font no 62 (nil) does not define feature smcp for script latn
 with language dflt
luaotfload | aux : no font with id 62
luaotfload | aux : font no 62 (nil) does not define feature smcp for script latn
 with language dflt
luaotfload | aux : no font with id 62
luaotfload | load : font option ".ttf:mode=node" unknown.
Package biblatex Info: Reference section=0 on input line 449.
\blx@maxsegment@3=\count378
\blx@sectionciteorder@3=\count379
Package biblatex Info: Reference section=3 on input line 451.
Package biblatex Info: Setting label 'refsection:3' on input line 451.

Package biblatex Warning: sorting option to \printbibliography is no longer supp
orted, use 'sorting' option to \newrefcontext.

Package biblatex Info: Reference section=0 on input line 451.
[4

Missing character: There is no ̀ (U+0300) in font "[Gentona-Light].ttf:mode=nod
e;script=latn;language=DFLT;+tlig;color=888888FF ;"!
]
\blx@maxsegment@4=\count380
\blx@sectionciteorder@4=\count381
Package biblatex Info: Reference section=4 on input line 454.
Package biblatex Info: Setting label 'refsection:4' on input line 454.


Package biblatex Warning: sorting option to \printbibliography is no longer supp
orted, use 'sorting' option to \newrefcontext.

luaotfload | load : font option ".ttf:mode=node" unknown.
Package biblatex Info: Reference section=0 on input line 454.
\blx@maxsegment@5=\count382
\blx@sectionciteorder@5=\count383
Package biblatex Info: Reference section=5 on input line 456.
Package biblatex Info: Setting label 'refsection:5' on input line 456.

Package biblatex Warning: sorting option to \printbibliography is no longer supp
orted, use 'sorting' option to \newrefcontext.

Package biblatex Info: Reference section=0 on input line 456.
\blx@maxsegment@6=\count384
\blx@sectionciteorder@6=\count385
Package biblatex Info: Reference section=6 on input line 458.
Package biblatex Info: Setting label 'refsection:6' on input line 458.

Package biblatex Warning: sorting option to \printbibliography is no longer supp
orted, use 'sorting' option to \newrefcontext.

[5

]
Package biblatex Info: Reference section=0 on input line 458.
\blx@maxsegment@7=\count386
\blx@sectionciteorder@7=\count387
Package biblatex Info: Reference section=7 on input line 460.
Package biblatex Info: Setting label 'refsection:7' on input line 460.


Package biblatex Warning: sorting option to \printbibliography is no longer supp
orted, use 'sorting' option to \newrefcontext.

Package biblatex Info: Reference section=0 on input line 460.
[6]
Package atveryend Info: Empty hook `BeforeClearDocument' on input line 463.
Package atveryend Info: Empty hook `AfterLastShipout' on input line 463.
 (./gkiarcv.aux)
Package atveryend Info: Executing hook `AtVeryEndDocument' on input line 463.
Package atveryend Info: Executing hook `AtEndAfterFileList' on input line 463.
Package rerunfilecheck Info: File `gkiarcv.out' has not changed.
(rerunfilecheck)             Checksum: D41D8CD98F00B204E9800998ECF8427E;0.


LaTeX Warning: There were undefined references.


LaTeX Warning: Label(s) may have changed. Rerun to get cross-references right.


Package biblatex Warning: Please rerun LaTeX.
(biblatex)                Page breaks have changed.

Package logreq Info: Writing requests to 'gkiarcv.run.xml'.

\openout1 = gkiarcv.run.xml
)

Here is how much of LuaTeX's memory you used:
 43277 strings out of 494481
 125171,1373583 words of node,token memory allocated
 432 words of node memory still in use:
   3 hlist, 1 vlist, 1 rule, 2 glue, 6 attribute, 57 glue_spec, 5 attribute_list
, 1 write nodes
   avail lists: 1:4,2:1352,3:187,4:246,5:2265,6:3555,7:984,8:34,9:230,10:11,11:3
61
 40952 multiletter control sequences out of 65536+600000
 73 fonts using 17460007 bytes
 73i,9n,91p,1116b,1169s stack positions out of 5000i,500n,10000p,200000b,100000s
</Users/gkiar/Library/Fonts/Gentona-LightItalic.ttf></usr/local/texlive/2017basi
c/texmf-dist/fonts/opentype/public/lm-math/latinmodern-math.otf></Users/gkiar/Li
brary/Fonts/FontAwesome.otf></Users/gkiar/Library/Fonts/Gentona-BookItalic.ttf><
/Users/gkiar/Library/Fonts/Gentona-Bold.ttf></Users/gkiar/Library/Fonts/Gentona-
Medium.ttf></Users/gkiar/Library/Fonts/Gentona-Light.ttf>
Output written on gkiarcv.pdf (6 pages, 3496427 bytes).

PDF statistics: 152 PDF objects out of 1000 (max. 8388607)
 119 compressed objects within 2 object streams
 55 named destinations out of 1000 (max. 131072)
 16 words of extra memory for PDF output out of 10000 (max. 100000000)

